<?xml version="1.0" encoding="UTF-8"?>
<!-- Generated by org.testng.reporters.JUnitXMLReporter -->
<testsuite ignored="0" hostname="BRIMACLAP042" failures="0" tests="1" name="Test-class test 2" time="0.029" errors="0" timestamp="21 Jul 2019 12:43:12 GMT">
  <testcase classname="howToDoInJava.testNg.parallel.ParallelSuiteTest" name="testMethodOne" time="0.006"/>
</testsuite> <!-- Test-class test 2 -->
