<?xml version="1.0" encoding="UTF-8"?>
<!-- Generated by org.testng.reporters.JUnitXMLReporter -->
<testsuite ignored="0" hostname="BRIMACLAP042" failures="0" tests="4" name="Test-class test" time="0.059" errors="0" timestamp="21 Jul 2019 12:35:11 GMT">
  <testcase classname="howToDoInJava.testNg.parallel.ParallelClassesTestTwo" name="testMethodOne" time="0.006"/>
  <testcase classname="howToDoInJava.testNg.parallel.ParallelClassesTestOne" name="testMethodOne" time="0.007"/>
  <testcase classname="howToDoInJava.testNg.parallel.ParallelClassesTestTwo" name="testMethodTwo" time="0.002"/>
  <testcase classname="howToDoInJava.testNg.parallel.ParallelClassesTestOne" name="testMethodTwo" time="0.002"/>
</testsuite> <!-- Test-class test -->
