<?xml version="1.0" encoding="UTF-8"?>
<!-- Generated by org.testng.reporters.JUnitReportReporter -->
<testsuite hostname="BRIMACLAP042" failures="0" tests="2" name="howToDoInJava.testNg.ParentClassTest" time="0.002" errors="0" timestamp="23 Jul 2019 03:13:20 GMT" skipped="0">
  <testcase classname="howToDoInJava.testNg.ParentClassTest" name="testTwo" time="0.001"/>
  <testcase classname="howToDoInJava.testNg.ParentClassTest" name="testOne" time="0.001"/>
</testsuite> <!-- howToDoInJava.testNg.ParentClassTest -->
