<?xml version="1.0" encoding="UTF-8"?>
<!-- Generated by org.testng.reporters.JUnitReportReporter -->
<testsuite hostname="BRIMACLAP042" failures="0" tests="2" name="howToDoInJava.testNg.ParallelMethodTest" time="0.003" errors="0" timestamp="23 Jul 2019 03:23:08 GMT" skipped="0">
  <testcase classname="howToDoInJava.testNg.ParallelMethodTest" name="testMethodsOne" time="0.002"/>
  <testcase classname="howToDoInJava.testNg.ParallelMethodTest" name="testMethodsTwo" time="0.001"/>
</testsuite> <!-- howToDoInJava.testNg.ParallelMethodTest -->
