<?xml version="1.0" encoding="UTF-8"?>
<!-- Generated by org.testng.reporters.JUnitReportReporter -->
<testsuite hostname="BRIMACLAP042" failures="0" tests="2" name="howToDoInJava.testNg.parallel.ParallelClassesTestTwo" time="0.008" errors="0" timestamp="21 Jul 2019 12:35:11 GMT" skipped="0">
  <testcase classname="howToDoInJava.testNg.parallel.ParallelClassesTestTwo" name="testMethodTwo" time="0.002"/>
  <testcase classname="howToDoInJava.testNg.parallel.ParallelClassesTestTwo" name="testMethodOne" time="0.006"/>
</testsuite> <!-- howToDoInJava.testNg.parallel.ParallelClassesTestTwo -->
