<?xml version="1.0" encoding="UTF-8"?>
<!-- Generated by org.testng.reporters.JUnitReportReporter -->
<testsuite hostname="BRIMACLAP042" failures="0" tests="8" name="howToDoInJava.testNg.DependentTestExamples" time="0.028" errors="0" timestamp="23 Jul 2019 03:13:20 GMT" skipped="0">
  <testcase classname="howToDoInJava.testNg.DependentTestExamples" name="testFive" time="0.001"/>
  <testcase classname="howToDoInJava.testNg.DependentTestExamples" name="groupTestOne" time="0.001"/>
  <testcase classname="howToDoInJava.testNg.DependentTestExamples" name="groupTestThree" time="0.010"/>
  <testcase classname="howToDoInJava.testNg.DependentTestExamples" name="testTwo" time="0.003"/>
  <testcase classname="howToDoInJava.testNg.DependentTestExamples" name="testFour" time="0.002"/>
  <testcase classname="howToDoInJava.testNg.DependentTestExamples" name="testOne" time="0.002"/>
  <testcase classname="howToDoInJava.testNg.DependentTestExamples" name="testThree" time="0.001"/>
  <testcase classname="howToDoInJava.testNg.DependentTestExamples" name="groupTestTwo" time="0.008"/>
</testsuite> <!-- howToDoInJava.testNg.DependentTestExamples -->
