<?xml version="1.0" encoding="UTF-8"?>
<!-- Generated by org.testng.reporters.JUnitReportReporter -->
<testsuite skipped="0" hostname="BRIDT-1420" name="test.Test1" tests="3" failures="0" timestamp="04 Jan 2018 11:03:13 GMT" time="0.010" errors="0">
  <testcase name="testMethod3" time="0.002" classname="test.Test1"/>
  <testcase name="testMethod1" time="0.006" classname="test.Test1"/>
  <testcase name="testMethod2" time="0.002" classname="test.Test1"/>
</testsuite> <!-- test.Test1 -->
