<?xml version="1.0" encoding="UTF-8"?>
<!-- Generated by org.testng.reporters.JUnitReportReporter -->
<testsuite hostname="BRIMACLAP042" failures="0" tests="2" name="howToDoInJava.testNg.parallel.ParallelClassesTestOne" time="0.009" errors="0" timestamp="21 Jul 2019 12:35:11 GMT" skipped="0">
  <testcase classname="howToDoInJava.testNg.parallel.ParallelClassesTestOne" name="testMethodTwo" time="0.002"/>
  <testcase classname="howToDoInJava.testNg.parallel.ParallelClassesTestOne" name="testMethodOne" time="0.007"/>
</testsuite> <!-- howToDoInJava.testNg.parallel.ParallelClassesTestOne -->
