<?xml version="1.0" encoding="UTF-8"?>
<!-- Generated by org.testng.reporters.JUnitReportReporter -->
<testsuite hostname="BRIMACLAP042" failures="0" tests="2" name="howToDoInJava.testNg.parallel.ParallelSuiteTest" time="0.011" errors="0" timestamp="21 Jul 2019 12:43:12 GMT" skipped="0">
  <testcase classname="howToDoInJava.testNg.parallel.ParallelSuiteTest" name="testMethodOne" time="0.006"/>
  <testcase classname="howToDoInJava.testNg.parallel.ParallelSuiteTest" name="testMethodOne" time="0.005"/>
</testsuite> <!-- howToDoInJava.testNg.parallel.ParallelSuiteTest -->
